sky/cli.py:905: error: Incompatible return value type (got "Tuple[bool, Optional[Any]]", expected "Tuple[bool, Dict[Any, Any]]")  [return-value]
sky/cli.py:923: error: Incompatible default for argument "env" (default has type "None", argument has type "List[Dict[str, str]]")  [assignment]
sky/cli.py:923: note: PEP 484 prohibits implicit Optional. Accordingly, mypy has changed its default to no_implicit_optional=True
sky/cli.py:923: note: Use https://github.com/hauntsaninja/no_implicit_optional to automatically upgrade your codebase
sky/cli.py:927: error: Incompatible types in assignment (expression has type "str", variable has type "List[str]")  [assignment]
sky/cli.py:928: error: Argument 1 to "_check_yaml" has incompatible type "List[str]"; expected "str"  [arg-type]
sky/cli.py:935: error: Incompatible types in assignment (expression has type "None", variable has type "List[str]")  [assignment]
sky/cli.py:946: error: Argument 1 to "from_yaml" of "Task" has incompatible type "List[str]"; expected "str"  [arg-type]
sky/cli.py:948: error: Argument "run" to "Task" has incompatible type "List[str]"; expected "Union[str, Callable[[int, List[str]], Optional[str]], None]"  [arg-type]
sky/cli.py:977: error: Property "num_nodes" defined in "Task" is read-only  [misc]
sky/cli.py:980: error: Argument 1 to "set_envs" of "Task" has incompatible type "List[Dict[str, str]]"; expected "Union[None, Tuple[Tuple[str, str]], Dict[str, str]]"  [arg-type]
sky/cli.py:1060: error: Argument 1 to "entrypoint" has incompatible type "Callable[[List[str], Optional[str], bool, bool, bool, Optional[str], Optional[str], Optional[str], Optional[str], Optional[str], Optional[str], Optional[str], Optional[str], Optional[int], Optional[bool], Optional[str], List[Dict[str, str]], Optional[int], Optional[int], bool, bool, bool, bool], Any]"; expected "str"  [arg-type]
sky/cli.py:1210: error: Incompatible types in assignment (expression has type "CloudVmRayBackend", variable has type "LocalDockerBackend")  [assignment]
sky/cli.py:1218: error: Argument 3 to "_launch_with_confirm" has incompatible type "Optional[str]"; expected "str"  [arg-type]
sky/cli.py:1227: error: Argument 1 to "check_if_local_cloud" has incompatible type "Optional[str]"; expected "str"  [arg-type]
sky/cli.py:1230: error: Argument 1 to "entrypoint" has incompatible type "Callable[[str, str, bool, Optional[str], Optional[str], Optional[str], Optional[str], Optional[str], Optional[str], Optional[str], Optional[int], Optional[bool], Optional[str], List[Dict[str, str]]], Any]"; expected "str"  [arg-type]
sky/cli.py:1329: error: Module has no attribute "UNINITIALIZED_CLUSTER_MESSAGE"; maybe "UNINITIALIZED_ONPREM_CLUSTER_MESSAGE"?  [attr-defined]
sky/cli.py:1335: error: Argument "entrypoint" to "_make_task_from_entrypoint_with_overrides" has incompatible type "str"; expected "List[str]"  [arg-type]
sky/cli.py:1354: error: Argument 1 to "entrypoint" has incompatible type "Callable[[bool, bool], Any]"; expected "str"  [arg-type]
sky/cli.py:1430: error: Argument 1 to "entrypoint" has incompatible type "Callable[[Tuple[str], bool, bool], Any]"; expected "str"  [arg-type]
sky/cli.py:1455: error: Incompatible types in assignment (expression has type "List[str]", variable has type "Tuple[str]")  [assignment]
sky/cli.py:1455: error: Argument 1 to "_get_glob_clusters" has incompatible type "Tuple[str]"; expected "List[str]"  [arg-type]
sky/cli.py:1490: error: Argument 1 to "entrypoint" has incompatible type "Callable[[str, Tuple[str], bool, bool, bool], Any]"; expected "str"  [arg-type]
sky/cli.py:1578: error: Argument 1 to "entrypoint" has incompatible type "Callable[[str, bool, List[int]], Any]"; expected "str"  [arg-type]
sky/cli.py:1603: error: Argument 1 to "entrypoint" has incompatible type "Callable[[Tuple[str], Optional[bool], bool], Any]"; expected "str"  [arg-type]
sky/cli.py:1654: error: Argument 1 to "_down_or_stop_clusters" has incompatible type "Tuple[str]"; expected "List[str]"  [arg-type]
sky/cli.py:1660: error: Argument 1 to "entrypoint" has incompatible type "Callable[[Tuple[str], Optional[bool], Optional[int], bool, bool, bool], Any]"; expected "str"  [arg-type]
sky/cli.py:1747: error: Argument 1 to "_down_or_stop_clusters" has incompatible type "Tuple[str]"; expected "List[str]"  [arg-type]
sky/cli.py:1754: error: Argument 1 to "entrypoint" has incompatible type "Callable[[Tuple[str], bool, bool, Optional[int], bool, bool, bool], Any]"; expected "str"  [arg-type]
sky/cli.py:1864: error: Incompatible types in assignment (expression has type "List[Any]", variable has type "Tuple[str]")  [assignment]
sky/cli.py:1872: error: Incompatible types in assignment (expression has type "List[str]", variable has type "Tuple[str]")  [assignment]
sky/cli.py:1872: error: Argument 1 to "_get_glob_clusters" has incompatible type "Tuple[str]"; expected "List[str]"  [arg-type]
sky/cli.py:1874: error: Incompatible types in assignment (expression has type "List[str]", variable has type "Tuple[str]")  [assignment]
sky/cli.py:1951: error: Argument 1 to "entrypoint" has incompatible type "Callable[[Tuple[str], Optional[bool], bool, bool], Any]"; expected "str"  [arg-type]
sky/cli.py:2012: error: Argument 1 to "_down_or_stop_clusters" has incompatible type "Tuple[str]"; expected "List[str]"  [arg-type]
sky/cli.py:2246: error: Argument 1 to "entrypoint" has incompatible type "Callable[[str, bool, Optional[List[int]], Optional[str], Optional[str], Optional[str], Optional[str], Optional[str], Optional[bool], Optional[bool], Optional[bool], Optional[int], Optional[int], bool, bool], Any]"; expected "str"  [arg-type]
sky/cli.py:2299: error: Incompatible types in assignment (expression has type "Optional[Dict[str, int]]", variable has type "Optional[str]")  [assignment]
sky/cli.py:2325: error: Argument 1 to "entrypoint" has incompatible type "Callable[[str, bool, Optional[List[int]], Optional[str], Optional[str], Optional[str], Optional[str], Optional[bool], Optional[bool], Optional[bool], Optional[int], Optional[int], bool, bool], Any]"; expected "str"  [arg-type]
sky/cli.py:2399: error: Argument 1 to "entrypoint" has incompatible type "Callable[[str, bool, Optional[List[int]], Optional[str], Optional[str], Optional[str], Optional[str], Optional[bool], Optional[bool], Optional[bool], Optional[bool], Optional[int], Optional[int], bool, bool], Any]"; expected "str"  [arg-type]
sky/cli.py:2450: error: Unsupported target for indexed assignment ("Optional[Dict[str, str]]")  [index]
sky/cli.py:2450: error: Incompatible types in assignment (expression has type "bool", target has type "str")  [assignment]
sky/cli.py:2451: error: Unsupported target for indexed assignment ("Optional[Dict[str, str]]")  [index]
sky/cli.py:2455: error: Incompatible types in assignment (expression has type "Optional[Dict[str, int]]", variable has type "Optional[str]")  [assignment]
sky/cli.py:2481: error: Argument 1 to "entrypoint" has incompatible type "Callable[[], Any]"; expected "str"  [arg-type]
sky/cli.py:2493: error: Argument 1 to "entrypoint" has incompatible type "Callable[[Optional[str], bool, Optional[str]], Any]"; expected "str"  [arg-type]
sky/cli.py:2630: error: Argument 1 to "entrypoint" has incompatible type "Callable[[], Any]"; expected "str"  [arg-type]
sky/cli.py:2639: error: Argument 1 to "entrypoint" has incompatible type "Callable[[Tuple[str], bool], Any]"; expected "str"  [arg-type]
sky/cli.py:2673: error: Incompatible types in assignment (expression has type "List[Any]", variable has type "Tuple[str]")  [assignment]
sky/cli.py:2675: error: Incompatible types in assignment (expression has type "List[str]", variable has type "Tuple[str]")  [assignment]
sky/cli.py:2675: error: Argument 1 to "_get_glob_storages" has incompatible type "Tuple[str]"; expected "List[str]"  [arg-type]
sky/cli.py:2687: error: Argument 1 to "entrypoint" has incompatible type "Callable[[str], Any]"; expected "str"  [arg-type]
sky/cli.py:2783: error: Argument 1 to "entrypoint" has incompatible type "Callable[[str, Optional[str], Optional[str], Optional[str], Optional[str], Optional[str], Optional[str], Optional[str], Optional[int], Optional[bool], Optional[str], Optional[str], List[Dict[str, str]], Optional[int], bool, bool, bool], Any]"; expected "str"  [arg-type]
sky/cli.py:2864: error: Argument 1 to "_make_task_from_entrypoint_with_overrides" has incompatible type "str"; expected "List[str]"  [arg-type]
sky/cli.py:2891: error: Argument 1 to "entrypoint" has incompatible type "Callable[[bool, bool], Any]"; expected "str"  [arg-type]
sky/cli.py:2943: error: Argument 1 to "readable_time_duration" has incompatible type "str"; expected "Optional[int]"  [arg-type]
sky/cli.py:2962: error: Argument 1 to "entrypoint" has incompatible type "Callable[[Optional[str], Tuple[int], bool, bool], Any]"; expected "str"  [arg-type]
sky/cli.py:3027: error: Argument 1 to "entrypoint" has incompatible type "Callable[[Optional[str], Optional[int], bool], Any]"; expected "str"  [arg-type]
sky/cli.py:3099: error: Argument 1 to "entrypoint" has incompatible type "Callable[[str, str, Optional[str], Optional[str], Optional[str], Optional[str], Optional[str], Optional[str], Optional[int], Optional[bool], Optional[str], List[Dict[str, str]], Optional[int], Optional[int], bool], None]"; expected "str"  [arg-type]
sky/cli.py:3212: error: Incompatible types in assignment (expression has type "List[str]", variable has type "Optional[str]")  [assignment]
sky/cli.py:3213: error: Incompatible types in assignment (expression has type "List[str]", variable has type "Optional[str]")  [assignment]
sky/cli.py:3287: error: Incompatible types in assignment (expression has type "List[str]", target has type "int")  [assignment]
sky/cli.py:3287: error: "List[Dict[str, str]]" has no attribute "items"  [attr-defined]
sky/cli.py:3291: error: Argument 4 to "launch_benchmark_clusters" has incompatible type "Dict[str, int]"; expected "List[Dict[str, Any]]"  [arg-type]
sky/cli.py:3310: error: Argument 1 to "entrypoint" has incompatible type "Callable[[], None]"; expected "str"  [arg-type]
sky/cli.py:3373: error: Argument 1 to "entrypoint" has incompatible type "Callable[[str], None]"; expected "str"  [arg-type]
sky/cli.py:3421: error: "Dict[str, Any]" has no attribute "start_time"  [attr-defined]
sky/cli.py:3422: error: "Dict[str, Any]" has no attribute "last_time"  [attr-defined]
sky/cli.py:3427: error: "Dict[str, Any]" has no attribute "start_time"  [attr-defined]
sky/cli.py:3428: error: "Dict[str, Any]" has no attribute "last_time"  [attr-defined]
sky/cli.py:3430: error: "Dict[str, Any]" has no attribute "last_time"  [attr-defined]
sky/cli.py:3430: error: "Dict[str, Any]" has no attribute "start_time"  [attr-defined]
sky/cli.py:3434: error: "Dict[str, Any]" has no attribute "num_steps_so_far"  [attr-defined]
sky/cli.py:3438: error: "Dict[str, Any]" has no attribute "seconds_per_step"  [attr-defined]
sky/cli.py:3447: error: "Dict[str, Any]" has no attribute "estimated_total_seconds"  [attr-defined]
sky/cli.py:3498: error: Argument 1 to "entrypoint" has incompatible type "Callable[[str, List[str], bool], None]"; expected "str"  [arg-type]
sky/cli.py:3543: error: Argument 1 to "entrypoint" has incompatible type "Callable[[Tuple[str], Optional[bool], bool], None]"; expected "str"  [arg-type]
sky/cli.py:3582: error: Argument 1 to "join" of "str" has incompatible type "List[Dict[str, Any]]"; expected "Iterable[str]"  [arg-type]
Found 75 errors in 1 file (checked 1 source file)
